<?xml version="1.0" encoding="UTF-8"?>
<!-- Generated by org.testng.reporters.JUnitReportReporter -->
<testsuite hostname="DESKTOP-J5F87PD" failures="0" tests="1" name="demo.VerifyTitle" time="0.025" errors="0" timestamp="28 Apr 2019 01:52:15 GMT" skipped="0">
  <testcase classname="demo.VerifyTitle" name="titleVerification" time="0.025"/>
</testsuite> <!-- demo.VerifyTitle -->
