<?xml version="1.0" encoding="UTF-8"?>
<!-- Generated by org.testng.reporters.JUnitReportReporter -->
<testsuite hostname="DESKTOP-J5F87PD" failures="0" tests="1" name="demo.Annotations" time="0.007" errors="0" timestamp="27 Apr 2019 14:36:01 GMT" skipped="0">
  <testcase classname="demo.Annotations" name="test" time="0.007"/>
</testsuite> <!-- demo.Annotations -->
