<?xml version="1.0" encoding="UTF-8"?>
<!-- Generated by org.testng.reporters.JUnitReportReporter -->
<testsuite hostname="DESKTOP-J5F87PD" failures="0" tests="1" name="demo.DifferentBrowser" time="4.569" errors="0" timestamp="28 Apr 2019 02:08:54 GMT" skipped="0">
  <testcase classname="demo.DifferentBrowser" name="openBrowser1" time="4.569"/>
</testsuite> <!-- demo.DifferentBrowser -->
